<?xml version="1.0" encoding="UTF-8"?>
<testsuite xmlns:xsi="http://www.w3.org/2001/XMLSchema-instance" xsi:noNamespaceSchemaLocation="https://maven.apache.org/surefire/maven-surefire-plugin/xsd/surefire-test-report.xsd" name="fr.crigen.vx.processors.sparqlgenerate.SparqlGenerateSemanticAdatperProcessorTest" time="1.672" tests="1" errors="0" skipped="0" failures="0">
  <properties>
    <property name="gopherProxySet" value="false"/>
    <property name="awt.toolkit" value="sun.lwawt.macosx.LWCToolkit"/>
    <property name="java.specification.version" value="11"/>
    <property name="sun.cpu.isalist" value=""/>
    <property name="sun.jnu.encoding" value="UTF-8"/>
    <property name="java.class.path" value="/Users/lw5523/Documents/engie/vx/data-fw/nifi-custom/semantic-adapter-processor/nifi-sparqlgenerate-processors/target/test-classes:/Users/lw5523/Documents/engie/vx/data-fw/nifi-custom/semantic-adapter-processor/nifi-sparqlgenerate-processors/target/classes:/Users/lw5523/.m2/repository/org/apache/nifi/nifi-api/1.13.2/nifi-api-1.13.2.jar:/Users/lw5523/.m2/repository/org/apache/nifi/nifi-utils/1.13.2/nifi-utils-1.13.2.jar:/Users/lw5523/.m2/repository/javax/xml/bind/jaxb-api/2.3.0/jaxb-api-2.3.0.jar:/Users/lw5523/.m2/repository/com/sun/xml/bind/jaxb-core/2.3.0/jaxb-core-2.3.0.jar:/Users/lw5523/.m2/repository/com/sun/xml/bind/jaxb-impl/2.3.0/jaxb-impl-2.3.0.jar:/Users/lw5523/.m2/repository/org/apache/nifi/nifi-mock/1.13.2/nifi-mock-1.13.2.jar:/Users/lw5523/.m2/repository/org/apache/nifi/nifi-framework-api/1.13.2/nifi-framework-api-1.13.2.jar:/Users/lw5523/.m2/repository/org/apache/nifi/nifi-parameter/1.13.2/nifi-parameter-1.13.2.jar:/Users/lw5523/.m2/repository/org/apache/nifi/nifi-framework-core-api/1.13.2/nifi-framework-core-api-1.13.2.jar:/Users/lw5523/.m2/repository/org/apache/nifi/nifi-framework-nar-utils/1.13.2/nifi-framework-nar-utils-1.13.2.jar:/Users/lw5523/.m2/repository/org/apache/nifi/nifi-client-dto/1.13.2/nifi-client-dto-1.13.2.jar:/Users/lw5523/.m2/repository/io/swagger/swagger-annotations/1.6.0/swagger-annotations-1.6.0.jar:/Users/lw5523/.m2/repository/org/apache/nifi/nifi-site-to-site-client/1.13.2/nifi-site-to-site-client-1.13.2.jar:/Users/lw5523/.m2/repository/org/apache/httpcomponents/client5/httpclient5/5.0-beta4/httpclient5-5.0-beta4.jar:/Users/lw5523/.m2/repository/org/apache/httpcomponents/core5/httpcore5/5.0-beta7/httpcore5-5.0-beta7.jar:/Users/lw5523/.m2/repository/org/apache/httpcomponents/core5/httpcore5-h2/5.0-beta7/httpcore5-h2-5.0-beta7.jar:/Users/lw5523/.m2/repository/org/apache/httpcomponents/httpasyncclient/4.1.4/httpasyncclient-4.1.4.jar:/Users/lw5523/.m2/repository/org/apache/httpcomponents/httpcore/4.4.10/httpcore-4.4.10.jar:/Users/lw5523/.m2/repository/org/apache/httpcomponents/httpcore-nio/4.4.10/httpcore-nio-4.4.10.jar:/Users/lw5523/.m2/repository/org/apache/commons/commons-lang3/3.9/commons-lang3-3.9.jar:/Users/lw5523/.m2/repository/org/apache/nifi/nifi-framework-authorization/1.13.2/nifi-framework-authorization-1.13.2.jar:/Users/lw5523/.m2/repository/org/apache/nifi/registry/nifi-registry-data-model/0.8.0/nifi-registry-data-model-0.8.0.jar:/Users/lw5523/.m2/repository/javax/validation/validation-api/2.0.1.Final/validation-api-2.0.1.Final.jar:/Users/lw5523/.m2/repository/javax/ws/rs/javax.ws.rs-api/2.1/javax.ws.rs-api-2.1.jar:/Users/lw5523/.m2/repository/org/apache/nifi/registry/nifi-registry-revision-entity-model/0.8.0/nifi-registry-revision-entity-model-0.8.0.jar:/Users/lw5523/.m2/repository/jakarta/xml/bind/jakarta.xml.bind-api/2.3.2/jakarta.xml.bind-api-2.3.2.jar:/Users/lw5523/.m2/repository/jakarta/activation/jakarta.activation-api/1.2.1/jakarta.activation-api-1.2.1.jar:/Users/lw5523/.m2/repository/org/apache/nifi/registry/nifi-registry-client/0.8.0/nifi-registry-client-0.8.0.jar:/Users/lw5523/.m2/repository/org/apache/nifi/registry/nifi-registry-security-utils/0.8.0/nifi-registry-security-utils-0.8.0.jar:/Users/lw5523/.m2/repository/org/glassfish/jersey/core/jersey-client/2.28/jersey-client-2.28.jar:/Users/lw5523/.m2/repository/jakarta/ws/rs/jakarta.ws.rs-api/2.1.5/jakarta.ws.rs-api-2.1.5.jar:/Users/lw5523/.m2/repository/org/glassfish/hk2/external/jakarta.inject/2.5.0/jakarta.inject-2.5.0.jar:/Users/lw5523/.m2/repository/org/glassfish/jersey/media/jersey-media-json-jackson/2.28/jersey-media-json-jackson-2.28.jar:/Users/lw5523/.m2/repository/org/glassfish/jersey/ext/jersey-entity-filtering/2.28/jersey-entity-filtering-2.28.jar:/Users/lw5523/.m2/repository/com/fasterxml/jackson/module/jackson-module-jaxb-annotations/2.9.8/jackson-module-jaxb-annotations-2.9.8.jar:/Users/lw5523/.m2/repository/org/glassfish/jersey/inject/jersey-hk2/2.28/jersey-hk2-2.28.jar:/Users/lw5523/.m2/repository/org/glassfish/hk2/hk2-locator/2.5.0/hk2-locator-2.5.0.jar:/Users/lw5523/.m2/repository/org/glassfish/hk2/external/aopalliance-repackaged/2.5.0/aopalliance-repackaged-2.5.0.jar:/Users/lw5523/.m2/repository/org/glassfish/hk2/hk2-api/2.5.0/hk2-api-2.5.0.jar:/Users/lw5523/.m2/repository/org/glassfish/hk2/hk2-utils/2.5.0/hk2-utils-2.5.0.jar:/Users/lw5523/.m2/repository/org/javassist/javassist/3.22.0-CR2/javassist-3.22.0-CR2.jar:/Users/lw5523/.m2/repository/org/glassfish/jersey/core/jersey-common/2.28/jersey-common-2.28.jar:/Users/lw5523/.m2/repository/jakarta/annotation/jakarta.annotation-api/1.3.4/jakarta.annotation-api-1.3.4.jar:/Users/lw5523/.m2/repository/org/glassfish/hk2/osgi-resource-locator/1.0.1/osgi-resource-locator-1.0.1.jar:/Users/lw5523/.m2/repository/org/glassfish/jersey/media/jersey-media-multipart/2.28/jersey-media-multipart-2.28.jar:/Users/lw5523/.m2/repository/org/jvnet/mimepull/mimepull/1.9.11/mimepull-1.9.11.jar:/Users/lw5523/.m2/repository/org/apache/nifi/nifi-expression-language/1.13.2/nifi-expression-language-1.13.2.jar:/Users/lw5523/.m2/repository/org/antlr/antlr-runtime/3.5.2/antlr-runtime-3.5.2.jar:/Users/lw5523/.m2/repository/org/apache/nifi/nifi-uuid5/1.13.2/nifi-uuid5-1.13.2.jar:/Users/lw5523/.m2/repository/com/jayway/jsonpath/json-path/2.4.0/json-path-2.4.0.jar:/Users/lw5523/.m2/repository/net/minidev/json-smart/2.3/json-smart-2.3.jar:/Users/lw5523/.m2/repository/net/minidev/accessors-smart/1.2/accessors-smart-1.2.jar:/Users/lw5523/.m2/repository/org/ow2/asm/asm/5.0.4/asm-5.0.4.jar:/Users/lw5523/.m2/repository/com/fasterxml/jackson/core/jackson-databind/2.9.10.8/jackson-databind-2.9.10.8.jar:/Users/lw5523/.m2/repository/com/fasterxml/jackson/core/jackson-annotations/2.9.10/jackson-annotations-2.9.10.jar:/Users/lw5523/.m2/repository/com/fasterxml/jackson/core/jackson-core/2.9.10/jackson-core-2.9.10.jar:/Users/lw5523/.m2/repository/org/apache/commons/commons-text/1.8/commons-text-1.8.jar:/Users/lw5523/.m2/repository/commons-codec/commons-codec/1.14/commons-codec-1.14.jar:/Users/lw5523/.m2/repository/org/apache/nifi/nifi-data-provenance-utils/1.13.2/nifi-data-provenance-utils-1.13.2.jar:/Users/lw5523/.m2/repository/org/apache/nifi/nifi-security-utils/1.13.2/nifi-security-utils-1.13.2.jar:/Users/lw5523/.m2/repository/org/apache/nifi/nifi-security-utils-api/1.13.2/nifi-security-utils-api-1.13.2.jar:/Users/lw5523/.m2/repository/org/bouncycastle/bcpkix-jdk15on/1.68/bcpkix-jdk15on-1.68.jar:/Users/lw5523/.m2/repository/at/favre/lib/bcrypt/0.9.0/bcrypt-0.9.0.jar:/Users/lw5523/.m2/repository/at/favre/lib/bytes/1.3.0/bytes-1.3.0.jar:/Users/lw5523/.m2/repository/org/apache/commons/commons-configuration2/2.7/commons-configuration2-2.7.jar:/Users/lw5523/.m2/repository/com/sun/activation/javax.activation/1.2.0/javax.activation-1.2.0.jar:/Users/lw5523/.m2/repository/org/bouncycastle/bcprov-jdk15on/1.68/bcprov-jdk15on-1.68.jar:/Users/lw5523/.m2/repository/org/apache/nifi/nifi-properties-loader/1.13.2/nifi-properties-loader-1.13.2.jar:/Users/lw5523/.m2/repository/org/apache/nifi/nifi-properties/1.13.2/nifi-properties-1.13.2.jar:/Users/lw5523/.m2/repository/org/slf4j/slf4j-simple/1.7.30/slf4j-simple-1.7.30.jar:/Users/lw5523/.m2/repository/junit/junit/4.13.1/junit-4.13.1.jar:/Users/lw5523/.m2/repository/org/hamcrest/hamcrest-core/1.3/hamcrest-core-1.3.jar:/Users/lw5523/.m2/repository/org/slf4j/slf4j-api/1.7.26/slf4j-api-1.7.26.jar:/Users/lw5523/.m2/repository/org/slf4j/slf4j-log4j12/1.7.25/slf4j-log4j12-1.7.25.jar:/Users/lw5523/.m2/repository/org/apache/logging/log4j/log4j-slf4j-impl/2.14.0/log4j-slf4j-impl-2.14.0.jar:/Users/lw5523/.m2/repository/org/apache/logging/log4j/log4j-api/2.14.0/log4j-api-2.14.0.jar:/Users/lw5523/.m2/repository/org/apache/logging/log4j/log4j-core/2.14.0/log4j-core-2.14.0.jar:/Users/lw5523/.m2/repository/log4j/log4j/1.2.17/log4j-1.2.17.jar:/Users/lw5523/.m2/repository/org/slf4j/slf4j-nop/1.7.30/slf4j-nop-1.7.30.jar:/Users/lw5523/.m2/repository/fr/mines-stetienne/ci/sparql-generate/sparql-generate-all/2.0.1/sparql-generate-all-2.0.1.jar:/Users/lw5523/.m2/repository/fr/mines-stetienne/ci/sparql-generate/sparql-generate-jena/2.0.1/sparql-generate-jena-2.0.1.jar:/Users/lw5523/.m2/repository/org/apache/jena/jena-arq/3.13.0/jena-arq-3.13.0.jar:/Users/lw5523/.m2/repository/org/apache/jena/jena-core/3.13.0/jena-core-3.13.0.jar:/Users/lw5523/.m2/repository/org/apache/jena/jena-iri/3.13.0/jena-iri-3.13.0.jar:/Users/lw5523/.m2/repository/org/apache/jena/jena-base/3.13.0/jena-base-3.13.0.jar:/Users/lw5523/.m2/repository/org/apache/commons/commons-csv/1.7/commons-csv-1.7.jar:/Users/lw5523/.m2/repository/org/apache/commons/commons-compress/1.19/commons-compress-1.19.jar:/Users/lw5523/.m2/repository/com/github/andrewoma/dexx/collection/0.7/collection-0.7.jar:/Users/lw5523/.m2/repository/org/apache/jena/jena-shaded-guava/3.13.0/jena-shaded-guava-3.13.0.jar:/Users/lw5523/.m2/repository/org/apache/httpcomponents/httpclient/4.5.10/httpclient-4.5.10.jar:/Users/lw5523/.m2/repository/com/github/jsonld-java/jsonld-java/0.12.5/jsonld-java-0.12.5.jar:/Users/lw5523/.m2/repository/commons-io/commons-io/2.6/commons-io-2.6.jar:/Users/lw5523/.m2/repository/org/apache/httpcomponents/httpclient-cache/4.5.10/httpclient-cache-4.5.10.jar:/Users/lw5523/.m2/repository/org/apache/thrift/libthrift/0.12.0/libthrift-0.12.0.jar:/Users/lw5523/.m2/repository/org/slf4j/jcl-over-slf4j/1.7.30/jcl-over-slf4j-1.7.30.jar:/Users/lw5523/.m2/repository/com/google/guava/guava/28.1-jre/guava-28.1-jre.jar:/Users/lw5523/.m2/repository/com/google/guava/failureaccess/1.0.1/failureaccess-1.0.1.jar:/Users/lw5523/.m2/repository/com/google/guava/listenablefuture/9999.0-empty-to-avoid-conflict-with-guava/listenablefuture-9999.0-empty-to-avoid-conflict-with-guava.jar:/Users/lw5523/.m2/repository/com/google/code/findbugs/jsr305/3.0.2/jsr305-3.0.2.jar:/Users/lw5523/.m2/repository/org/checkerframework/checker-qual/2.8.1/checker-qual-2.8.1.jar:/Users/lw5523/.m2/repository/com/google/errorprone/error_prone_annotations/2.3.2/error_prone_annotations-2.3.2.jar:/Users/lw5523/.m2/repository/com/google/j2objc/j2objc-annotations/1.3/j2objc-annotations-1.3.jar:/Users/lw5523/.m2/repository/org/codehaus/mojo/animal-sniffer-annotations/1.18/animal-sniffer-annotations-1.18.jar:/Users/lw5523/.m2/repository/com/google/code/gson/gson/2.8.2/gson-2.8.2.jar:/Users/lw5523/.m2/repository/commons-cli/commons-cli/1.3/commons-cli-1.3.jar:/Users/lw5523/.m2/repository/com/atlassian/commonmark/commonmark/0.14.0/commonmark-0.14.0.jar:/Users/lw5523/.m2/repository/org/rdfhdt/hdt-java-core/1.1/hdt-java-core-1.1.jar:/Users/lw5523/.m2/repository/com/beust/jcommander/1.32/jcommander-1.32.jar:/Users/lw5523/.m2/repository/org/rdfhdt/hdt-api/1.1/hdt-api-1.1.jar:/Users/lw5523/.m2/repository/fr/mines-stetienne/ci/sparql-generate/sparql-generate-csv/2.0.1/sparql-generate-csv-2.0.1.jar:/Users/lw5523/.m2/repository/net/sf/supercsv/super-csv/2.4.0/super-csv-2.4.0.jar:/Users/lw5523/.m2/repository/com/univocity/univocity-parsers/2.8.4/univocity-parsers-2.8.4.jar:/Users/lw5523/.m2/repository/fr/mines-stetienne/ci/sparql-generate/sparql-generate-geojson/2.0.1/sparql-generate-geojson-2.0.1.jar:/Users/lw5523/.m2/repository/com/github/filosganga/geogson-core/1.4.2/geogson-core-1.4.2.jar:/Users/lw5523/.m2/repository/fr/mines-stetienne/ci/sparql-generate/sparql-generate-json/2.0.1/sparql-generate-json-2.0.1.jar:/Users/lw5523/.m2/repository/com/fasterxml/jackson/dataformat/jackson-dataformat-cbor/2.9.8/jackson-dataformat-cbor-2.9.8.jar:/Users/lw5523/.m2/repository/com/github/jsurfer/jsurfer-gson/1.5.1/jsurfer-gson-1.5.1.jar:/Users/lw5523/.m2/repository/com/github/jsurfer/jsurfer-core/1.5.1/jsurfer-core-1.5.1.jar:/Users/lw5523/.m2/repository/org/antlr/antlr4-runtime/4.7.2/antlr4-runtime-4.7.2.jar:/Users/lw5523/.m2/repository/fr/mines-stetienne/ci/sparql-generate/sparql-generate-markdown/2.0.1/sparql-generate-markdown-2.0.1.jar:/Users/lw5523/.m2/repository/fr/mines-stetienne/ci/sparql-generate/sparql-generate-mqtt/2.0.1/sparql-generate-mqtt-2.0.1.jar:/Users/lw5523/.m2/repository/org/eclipse/paho/org.eclipse.paho.client.mqttv3/1.2.2/org.eclipse.paho.client.mqttv3-1.2.2.jar:/Users/lw5523/.m2/repository/fr/mines-stetienne/ci/sparql-generate/sparql-generate-ws/2.0.1/sparql-generate-ws-2.0.1.jar:/Users/lw5523/.m2/repository/org/java-websocket/Java-WebSocket/1.5.0/Java-WebSocket-1.5.0.jar:/Users/lw5523/.m2/repository/fr/mines-stetienne/ci/sparql-generate/sparql-generate-xml/2.0.1/sparql-generate-xml-2.0.1.jar:/Users/lw5523/.m2/repository/org/jsoup/jsoup/1.8.3/jsoup-1.8.3.jar:/Users/lw5523/.m2/repository/net/sourceforge/htmlcleaner/htmlcleaner/2.24/htmlcleaner-2.24.jar:/Users/lw5523/.m2/repository/org/jdom/jdom2/2.0.5/jdom2-2.0.5.jar:/Users/lw5523/.m2/repository/fr/mines-stetienne/ci/sparql-generate/sparql-generate-sql/2.0.1/sparql-generate-sql-2.0.1.jar:/Users/lw5523/.m2/repository/mysql/mysql-connector-java/8.0.20/mysql-connector-java-8.0.20.jar:/Users/lw5523/.m2/repository/com/google/protobuf/protobuf-java/3.6.1/protobuf-java-3.6.1.jar:/Users/lw5523/.m2/repository/org/mockito/mockito-core/2.28.2/mockito-core-2.28.2.jar:/Users/lw5523/.m2/repository/net/bytebuddy/byte-buddy/1.9.10/byte-buddy-1.9.10.jar:/Users/lw5523/.m2/repository/net/bytebuddy/byte-buddy-agent/1.9.10/byte-buddy-agent-1.9.10.jar:/Users/lw5523/.m2/repository/org/objenesis/objenesis/2.6/objenesis-2.6.jar:/Users/lw5523/.m2/repository/org/codehaus/groovy/groovy-test/2.5.4/groovy-test-2.5.4.jar:/Users/lw5523/.m2/repository/org/codehaus/groovy/groovy/2.5.4/groovy-2.5.4.jar:"/>
    <property name="java.vm.vendor" value="Oracle Corporation"/>
    <property name="sun.arch.data.model" value="64"/>
    <property name="java.vendor.url" value="https://openjdk.java.net/"/>
    <property name="user.timezone" value=""/>
    <property name="java.vm.specification.version" value="11"/>
    <property name="os.name" value="Mac OS X"/>
    <property name="sun.java.launcher" value="SUN_STANDARD"/>
    <property name="user.country" value="FR"/>
    <property name="sun.boot.library.path" value="/usr/local/Cellar/openjdk@11/11.0.9/libexec/openjdk.jdk/Contents/Home/lib"/>
    <property name="sun.java.command" value="/Users/lw5523/Documents/engie/vx/data-fw/nifi-custom/semantic-adapter-processor/nifi-sparqlgenerate-processors/target/surefire/surefirebooter15788926219570560677.jar /Users/lw5523/Documents/engie/vx/data-fw/nifi-custom/semantic-adapter-processor/nifi-sparqlgenerate-processors/target/surefire 2021-04-30T13-38-33_856-jvmRun1 surefire11422002833659258949tmp surefire_01596436451517356500tmp"/>
    <property name="jdk.debug" value="release"/>
    <property name="surefire.test.class.path" value="/Users/lw5523/Documents/engie/vx/data-fw/nifi-custom/semantic-adapter-processor/nifi-sparqlgenerate-processors/target/test-classes:/Users/lw5523/Documents/engie/vx/data-fw/nifi-custom/semantic-adapter-processor/nifi-sparqlgenerate-processors/target/classes:/Users/lw5523/.m2/repository/org/apache/nifi/nifi-api/1.13.2/nifi-api-1.13.2.jar:/Users/lw5523/.m2/repository/org/apache/nifi/nifi-utils/1.13.2/nifi-utils-1.13.2.jar:/Users/lw5523/.m2/repository/javax/xml/bind/jaxb-api/2.3.0/jaxb-api-2.3.0.jar:/Users/lw5523/.m2/repository/com/sun/xml/bind/jaxb-core/2.3.0/jaxb-core-2.3.0.jar:/Users/lw5523/.m2/repository/com/sun/xml/bind/jaxb-impl/2.3.0/jaxb-impl-2.3.0.jar:/Users/lw5523/.m2/repository/org/apache/nifi/nifi-mock/1.13.2/nifi-mock-1.13.2.jar:/Users/lw5523/.m2/repository/org/apache/nifi/nifi-framework-api/1.13.2/nifi-framework-api-1.13.2.jar:/Users/lw5523/.m2/repository/org/apache/nifi/nifi-parameter/1.13.2/nifi-parameter-1.13.2.jar:/Users/lw5523/.m2/repository/org/apache/nifi/nifi-framework-core-api/1.13.2/nifi-framework-core-api-1.13.2.jar:/Users/lw5523/.m2/repository/org/apache/nifi/nifi-framework-nar-utils/1.13.2/nifi-framework-nar-utils-1.13.2.jar:/Users/lw5523/.m2/repository/org/apache/nifi/nifi-client-dto/1.13.2/nifi-client-dto-1.13.2.jar:/Users/lw5523/.m2/repository/io/swagger/swagger-annotations/1.6.0/swagger-annotations-1.6.0.jar:/Users/lw5523/.m2/repository/org/apache/nifi/nifi-site-to-site-client/1.13.2/nifi-site-to-site-client-1.13.2.jar:/Users/lw5523/.m2/repository/org/apache/httpcomponents/client5/httpclient5/5.0-beta4/httpclient5-5.0-beta4.jar:/Users/lw5523/.m2/repository/org/apache/httpcomponents/core5/httpcore5/5.0-beta7/httpcore5-5.0-beta7.jar:/Users/lw5523/.m2/repository/org/apache/httpcomponents/core5/httpcore5-h2/5.0-beta7/httpcore5-h2-5.0-beta7.jar:/Users/lw5523/.m2/repository/org/apache/httpcomponents/httpasyncclient/4.1.4/httpasyncclient-4.1.4.jar:/Users/lw5523/.m2/repository/org/apache/httpcomponents/httpcore/4.4.10/httpcore-4.4.10.jar:/Users/lw5523/.m2/repository/org/apache/httpcomponents/httpcore-nio/4.4.10/httpcore-nio-4.4.10.jar:/Users/lw5523/.m2/repository/org/apache/commons/commons-lang3/3.9/commons-lang3-3.9.jar:/Users/lw5523/.m2/repository/org/apache/nifi/nifi-framework-authorization/1.13.2/nifi-framework-authorization-1.13.2.jar:/Users/lw5523/.m2/repository/org/apache/nifi/registry/nifi-registry-data-model/0.8.0/nifi-registry-data-model-0.8.0.jar:/Users/lw5523/.m2/repository/javax/validation/validation-api/2.0.1.Final/validation-api-2.0.1.Final.jar:/Users/lw5523/.m2/repository/javax/ws/rs/javax.ws.rs-api/2.1/javax.ws.rs-api-2.1.jar:/Users/lw5523/.m2/repository/org/apache/nifi/registry/nifi-registry-revision-entity-model/0.8.0/nifi-registry-revision-entity-model-0.8.0.jar:/Users/lw5523/.m2/repository/jakarta/xml/bind/jakarta.xml.bind-api/2.3.2/jakarta.xml.bind-api-2.3.2.jar:/Users/lw5523/.m2/repository/jakarta/activation/jakarta.activation-api/1.2.1/jakarta.activation-api-1.2.1.jar:/Users/lw5523/.m2/repository/org/apache/nifi/registry/nifi-registry-client/0.8.0/nifi-registry-client-0.8.0.jar:/Users/lw5523/.m2/repository/org/apache/nifi/registry/nifi-registry-security-utils/0.8.0/nifi-registry-security-utils-0.8.0.jar:/Users/lw5523/.m2/repository/org/glassfish/jersey/core/jersey-client/2.28/jersey-client-2.28.jar:/Users/lw5523/.m2/repository/jakarta/ws/rs/jakarta.ws.rs-api/2.1.5/jakarta.ws.rs-api-2.1.5.jar:/Users/lw5523/.m2/repository/org/glassfish/hk2/external/jakarta.inject/2.5.0/jakarta.inject-2.5.0.jar:/Users/lw5523/.m2/repository/org/glassfish/jersey/media/jersey-media-json-jackson/2.28/jersey-media-json-jackson-2.28.jar:/Users/lw5523/.m2/repository/org/glassfish/jersey/ext/jersey-entity-filtering/2.28/jersey-entity-filtering-2.28.jar:/Users/lw5523/.m2/repository/com/fasterxml/jackson/module/jackson-module-jaxb-annotations/2.9.8/jackson-module-jaxb-annotations-2.9.8.jar:/Users/lw5523/.m2/repository/org/glassfish/jersey/inject/jersey-hk2/2.28/jersey-hk2-2.28.jar:/Users/lw5523/.m2/repository/org/glassfish/hk2/hk2-locator/2.5.0/hk2-locator-2.5.0.jar:/Users/lw5523/.m2/repository/org/glassfish/hk2/external/aopalliance-repackaged/2.5.0/aopalliance-repackaged-2.5.0.jar:/Users/lw5523/.m2/repository/org/glassfish/hk2/hk2-api/2.5.0/hk2-api-2.5.0.jar:/Users/lw5523/.m2/repository/org/glassfish/hk2/hk2-utils/2.5.0/hk2-utils-2.5.0.jar:/Users/lw5523/.m2/repository/org/javassist/javassist/3.22.0-CR2/javassist-3.22.0-CR2.jar:/Users/lw5523/.m2/repository/org/glassfish/jersey/core/jersey-common/2.28/jersey-common-2.28.jar:/Users/lw5523/.m2/repository/jakarta/annotation/jakarta.annotation-api/1.3.4/jakarta.annotation-api-1.3.4.jar:/Users/lw5523/.m2/repository/org/glassfish/hk2/osgi-resource-locator/1.0.1/osgi-resource-locator-1.0.1.jar:/Users/lw5523/.m2/repository/org/glassfish/jersey/media/jersey-media-multipart/2.28/jersey-media-multipart-2.28.jar:/Users/lw5523/.m2/repository/org/jvnet/mimepull/mimepull/1.9.11/mimepull-1.9.11.jar:/Users/lw5523/.m2/repository/org/apache/nifi/nifi-expression-language/1.13.2/nifi-expression-language-1.13.2.jar:/Users/lw5523/.m2/repository/org/antlr/antlr-runtime/3.5.2/antlr-runtime-3.5.2.jar:/Users/lw5523/.m2/repository/org/apache/nifi/nifi-uuid5/1.13.2/nifi-uuid5-1.13.2.jar:/Users/lw5523/.m2/repository/com/jayway/jsonpath/json-path/2.4.0/json-path-2.4.0.jar:/Users/lw5523/.m2/repository/net/minidev/json-smart/2.3/json-smart-2.3.jar:/Users/lw5523/.m2/repository/net/minidev/accessors-smart/1.2/accessors-smart-1.2.jar:/Users/lw5523/.m2/repository/org/ow2/asm/asm/5.0.4/asm-5.0.4.jar:/Users/lw5523/.m2/repository/com/fasterxml/jackson/core/jackson-databind/2.9.10.8/jackson-databind-2.9.10.8.jar:/Users/lw5523/.m2/repository/com/fasterxml/jackson/core/jackson-annotations/2.9.10/jackson-annotations-2.9.10.jar:/Users/lw5523/.m2/repository/com/fasterxml/jackson/core/jackson-core/2.9.10/jackson-core-2.9.10.jar:/Users/lw5523/.m2/repository/org/apache/commons/commons-text/1.8/commons-text-1.8.jar:/Users/lw5523/.m2/repository/commons-codec/commons-codec/1.14/commons-codec-1.14.jar:/Users/lw5523/.m2/repository/org/apache/nifi/nifi-data-provenance-utils/1.13.2/nifi-data-provenance-utils-1.13.2.jar:/Users/lw5523/.m2/repository/org/apache/nifi/nifi-security-utils/1.13.2/nifi-security-utils-1.13.2.jar:/Users/lw5523/.m2/repository/org/apache/nifi/nifi-security-utils-api/1.13.2/nifi-security-utils-api-1.13.2.jar:/Users/lw5523/.m2/repository/org/bouncycastle/bcpkix-jdk15on/1.68/bcpkix-jdk15on-1.68.jar:/Users/lw5523/.m2/repository/at/favre/lib/bcrypt/0.9.0/bcrypt-0.9.0.jar:/Users/lw5523/.m2/repository/at/favre/lib/bytes/1.3.0/bytes-1.3.0.jar:/Users/lw5523/.m2/repository/org/apache/commons/commons-configuration2/2.7/commons-configuration2-2.7.jar:/Users/lw5523/.m2/repository/com/sun/activation/javax.activation/1.2.0/javax.activation-1.2.0.jar:/Users/lw5523/.m2/repository/org/bouncycastle/bcprov-jdk15on/1.68/bcprov-jdk15on-1.68.jar:/Users/lw5523/.m2/repository/org/apache/nifi/nifi-properties-loader/1.13.2/nifi-properties-loader-1.13.2.jar:/Users/lw5523/.m2/repository/org/apache/nifi/nifi-properties/1.13.2/nifi-properties-1.13.2.jar:/Users/lw5523/.m2/repository/org/slf4j/slf4j-simple/1.7.30/slf4j-simple-1.7.30.jar:/Users/lw5523/.m2/repository/junit/junit/4.13.1/junit-4.13.1.jar:/Users/lw5523/.m2/repository/org/hamcrest/hamcrest-core/1.3/hamcrest-core-1.3.jar:/Users/lw5523/.m2/repository/org/slf4j/slf4j-api/1.7.26/slf4j-api-1.7.26.jar:/Users/lw5523/.m2/repository/org/slf4j/slf4j-log4j12/1.7.25/slf4j-log4j12-1.7.25.jar:/Users/lw5523/.m2/repository/org/apache/logging/log4j/log4j-slf4j-impl/2.14.0/log4j-slf4j-impl-2.14.0.jar:/Users/lw5523/.m2/repository/org/apache/logging/log4j/log4j-api/2.14.0/log4j-api-2.14.0.jar:/Users/lw5523/.m2/repository/org/apache/logging/log4j/log4j-core/2.14.0/log4j-core-2.14.0.jar:/Users/lw5523/.m2/repository/log4j/log4j/1.2.17/log4j-1.2.17.jar:/Users/lw5523/.m2/repository/org/slf4j/slf4j-nop/1.7.30/slf4j-nop-1.7.30.jar:/Users/lw5523/.m2/repository/fr/mines-stetienne/ci/sparql-generate/sparql-generate-all/2.0.1/sparql-generate-all-2.0.1.jar:/Users/lw5523/.m2/repository/fr/mines-stetienne/ci/sparql-generate/sparql-generate-jena/2.0.1/sparql-generate-jena-2.0.1.jar:/Users/lw5523/.m2/repository/org/apache/jena/jena-arq/3.13.0/jena-arq-3.13.0.jar:/Users/lw5523/.m2/repository/org/apache/jena/jena-core/3.13.0/jena-core-3.13.0.jar:/Users/lw5523/.m2/repository/org/apache/jena/jena-iri/3.13.0/jena-iri-3.13.0.jar:/Users/lw5523/.m2/repository/org/apache/jena/jena-base/3.13.0/jena-base-3.13.0.jar:/Users/lw5523/.m2/repository/org/apache/commons/commons-csv/1.7/commons-csv-1.7.jar:/Users/lw5523/.m2/repository/org/apache/commons/commons-compress/1.19/commons-compress-1.19.jar:/Users/lw5523/.m2/repository/com/github/andrewoma/dexx/collection/0.7/collection-0.7.jar:/Users/lw5523/.m2/repository/org/apache/jena/jena-shaded-guava/3.13.0/jena-shaded-guava-3.13.0.jar:/Users/lw5523/.m2/repository/org/apache/httpcomponents/httpclient/4.5.10/httpclient-4.5.10.jar:/Users/lw5523/.m2/repository/com/github/jsonld-java/jsonld-java/0.12.5/jsonld-java-0.12.5.jar:/Users/lw5523/.m2/repository/commons-io/commons-io/2.6/commons-io-2.6.jar:/Users/lw5523/.m2/repository/org/apache/httpcomponents/httpclient-cache/4.5.10/httpclient-cache-4.5.10.jar:/Users/lw5523/.m2/repository/org/apache/thrift/libthrift/0.12.0/libthrift-0.12.0.jar:/Users/lw5523/.m2/repository/org/slf4j/jcl-over-slf4j/1.7.30/jcl-over-slf4j-1.7.30.jar:/Users/lw5523/.m2/repository/com/google/guava/guava/28.1-jre/guava-28.1-jre.jar:/Users/lw5523/.m2/repository/com/google/guava/failureaccess/1.0.1/failureaccess-1.0.1.jar:/Users/lw5523/.m2/repository/com/google/guava/listenablefuture/9999.0-empty-to-avoid-conflict-with-guava/listenablefuture-9999.0-empty-to-avoid-conflict-with-guava.jar:/Users/lw5523/.m2/repository/com/google/code/findbugs/jsr305/3.0.2/jsr305-3.0.2.jar:/Users/lw5523/.m2/repository/org/checkerframework/checker-qual/2.8.1/checker-qual-2.8.1.jar:/Users/lw5523/.m2/repository/com/google/errorprone/error_prone_annotations/2.3.2/error_prone_annotations-2.3.2.jar:/Users/lw5523/.m2/repository/com/google/j2objc/j2objc-annotations/1.3/j2objc-annotations-1.3.jar:/Users/lw5523/.m2/repository/org/codehaus/mojo/animal-sniffer-annotations/1.18/animal-sniffer-annotations-1.18.jar:/Users/lw5523/.m2/repository/com/google/code/gson/gson/2.8.2/gson-2.8.2.jar:/Users/lw5523/.m2/repository/commons-cli/commons-cli/1.3/commons-cli-1.3.jar:/Users/lw5523/.m2/repository/com/atlassian/commonmark/commonmark/0.14.0/commonmark-0.14.0.jar:/Users/lw5523/.m2/repository/org/rdfhdt/hdt-java-core/1.1/hdt-java-core-1.1.jar:/Users/lw5523/.m2/repository/com/beust/jcommander/1.32/jcommander-1.32.jar:/Users/lw5523/.m2/repository/org/rdfhdt/hdt-api/1.1/hdt-api-1.1.jar:/Users/lw5523/.m2/repository/fr/mines-stetienne/ci/sparql-generate/sparql-generate-csv/2.0.1/sparql-generate-csv-2.0.1.jar:/Users/lw5523/.m2/repository/net/sf/supercsv/super-csv/2.4.0/super-csv-2.4.0.jar:/Users/lw5523/.m2/repository/com/univocity/univocity-parsers/2.8.4/univocity-parsers-2.8.4.jar:/Users/lw5523/.m2/repository/fr/mines-stetienne/ci/sparql-generate/sparql-generate-geojson/2.0.1/sparql-generate-geojson-2.0.1.jar:/Users/lw5523/.m2/repository/com/github/filosganga/geogson-core/1.4.2/geogson-core-1.4.2.jar:/Users/lw5523/.m2/repository/fr/mines-stetienne/ci/sparql-generate/sparql-generate-json/2.0.1/sparql-generate-json-2.0.1.jar:/Users/lw5523/.m2/repository/com/fasterxml/jackson/dataformat/jackson-dataformat-cbor/2.9.8/jackson-dataformat-cbor-2.9.8.jar:/Users/lw5523/.m2/repository/com/github/jsurfer/jsurfer-gson/1.5.1/jsurfer-gson-1.5.1.jar:/Users/lw5523/.m2/repository/com/github/jsurfer/jsurfer-core/1.5.1/jsurfer-core-1.5.1.jar:/Users/lw5523/.m2/repository/org/antlr/antlr4-runtime/4.7.2/antlr4-runtime-4.7.2.jar:/Users/lw5523/.m2/repository/fr/mines-stetienne/ci/sparql-generate/sparql-generate-markdown/2.0.1/sparql-generate-markdown-2.0.1.jar:/Users/lw5523/.m2/repository/fr/mines-stetienne/ci/sparql-generate/sparql-generate-mqtt/2.0.1/sparql-generate-mqtt-2.0.1.jar:/Users/lw5523/.m2/repository/org/eclipse/paho/org.eclipse.paho.client.mqttv3/1.2.2/org.eclipse.paho.client.mqttv3-1.2.2.jar:/Users/lw5523/.m2/repository/fr/mines-stetienne/ci/sparql-generate/sparql-generate-ws/2.0.1/sparql-generate-ws-2.0.1.jar:/Users/lw5523/.m2/repository/org/java-websocket/Java-WebSocket/1.5.0/Java-WebSocket-1.5.0.jar:/Users/lw5523/.m2/repository/fr/mines-stetienne/ci/sparql-generate/sparql-generate-xml/2.0.1/sparql-generate-xml-2.0.1.jar:/Users/lw5523/.m2/repository/org/jsoup/jsoup/1.8.3/jsoup-1.8.3.jar:/Users/lw5523/.m2/repository/net/sourceforge/htmlcleaner/htmlcleaner/2.24/htmlcleaner-2.24.jar:/Users/lw5523/.m2/repository/org/jdom/jdom2/2.0.5/jdom2-2.0.5.jar:/Users/lw5523/.m2/repository/fr/mines-stetienne/ci/sparql-generate/sparql-generate-sql/2.0.1/sparql-generate-sql-2.0.1.jar:/Users/lw5523/.m2/repository/mysql/mysql-connector-java/8.0.20/mysql-connector-java-8.0.20.jar:/Users/lw5523/.m2/repository/com/google/protobuf/protobuf-java/3.6.1/protobuf-java-3.6.1.jar:/Users/lw5523/.m2/repository/org/mockito/mockito-core/2.28.2/mockito-core-2.28.2.jar:/Users/lw5523/.m2/repository/net/bytebuddy/byte-buddy/1.9.10/byte-buddy-1.9.10.jar:/Users/lw5523/.m2/repository/net/bytebuddy/byte-buddy-agent/1.9.10/byte-buddy-agent-1.9.10.jar:/Users/lw5523/.m2/repository/org/objenesis/objenesis/2.6/objenesis-2.6.jar:/Users/lw5523/.m2/repository/org/codehaus/groovy/groovy-test/2.5.4/groovy-test-2.5.4.jar:/Users/lw5523/.m2/repository/org/codehaus/groovy/groovy/2.5.4/groovy-2.5.4.jar:"/>
    <property name="sun.cpu.endian" value="little"/>
    <property name="user.home" value="/Users/lw5523"/>
    <property name="user.language" value="en"/>
    <property name="java.specification.vendor" value="Oracle Corporation"/>
    <property name="java.version.date" value="2020-10-20"/>
    <property name="java.home" value="/usr/local/Cellar/openjdk@11/11.0.9/libexec/openjdk.jdk/Contents/Home"/>
    <property name="file.separator" value="/"/>
    <property name="basedir" value="/Users/lw5523/Documents/engie/vx/data-fw/nifi-custom/semantic-adapter-processor/nifi-sparqlgenerate-processors"/>
    <property name="java.vm.compressedOopsMode" value="Zero based"/>
    <property name="line.separator" value="&#10;"/>
    <property name="java.specification.name" value="Java Platform API Specification"/>
    <property name="java.vm.specification.vendor" value="Oracle Corporation"/>
    <property name="java.awt.graphicsenv" value="sun.awt.CGraphicsEnvironment"/>
    <property name="java.awt.headless" value="true"/>
    <property name="surefire.real.class.path" value="/Users/lw5523/Documents/engie/vx/data-fw/nifi-custom/semantic-adapter-processor/nifi-sparqlgenerate-processors/target/surefire/surefirebooter15788926219570560677.jar"/>
    <property name="sun.management.compiler" value="HotSpot 64-Bit Tiered Compilers"/>
    <property name="java.runtime.version" value="11.0.9+11"/>
    <property name="user.name" value="lw5523"/>
    <property name="java.net.preferIPv4Stack" value="true"/>
    <property name="path.separator" value=":"/>
    <property name="os.version" value="10.15.7"/>
    <property name="java.runtime.name" value="OpenJDK Runtime Environment"/>
    <property name="file.encoding" value="UTF-8"/>
    <property name="java.vm.name" value="OpenJDK 64-Bit Server VM"/>
    <property name="localRepository" value="/Users/lw5523/.m2/repository"/>
    <property name="java.vendor.url.bug" value="https://bugreport.java.com/bugreport/"/>
    <property name="java.io.tmpdir" value="/var/folders/z1/gf9fv27d6cv33kzz3jj3fps80000gn/T/"/>
    <property name="java.version" value="11.0.9"/>
    <property name="user.dir" value="/Users/lw5523/Documents/engie/vx/data-fw/nifi-custom/semantic-adapter-processor/nifi-sparqlgenerate-processors"/>
    <property name="os.arch" value="x86_64"/>
    <property name="java.vm.specification.name" value="Java Virtual Machine Specification"/>
    <property name="java.awt.printerjob" value="sun.lwawt.macosx.CPrinterJob"/>
    <property name="sun.os.patch.level" value="unknown"/>
    <property name="java.library.path" value="/Users/lw5523/Library/Java/Extensions:/Library/Java/Extensions:/Network/Library/Java/Extensions:/System/Library/Java/Extensions:/usr/lib/java:."/>
    <property name="java.vm.info" value="mixed mode"/>
    <property name="java.vendor" value="Oracle Corporation"/>
    <property name="java.vm.version" value="11.0.9+11"/>
    <property name="sun.io.unicode.encoding" value="UnicodeBig"/>
    <property name="java.class.version" value="55.0"/>
  </properties>
  <testcase name="testProcessor" classname="fr.crigen.vx.processors.sparqlgenerate.SparqlGenerateSemanticAdatperProcessorTest" time="1.628"/>
</testsuite>